Execution_code,Repo,Message,time
"1607854953.281735","No repo","Start: 2020-12-13 10:22:33.281735","1607854953.282121"
"1607854953.281735","No repo","Input file readed","1607854953.284388"
"1607854953.281735","No repo","Login done","1607854953.507011"
"1607854953.281735","No repo","	- Invited new user: help@castellanidavide.it","1607854954.002286"
"1607854953.281735","CastellaniDavideTest/Test16-2020-2022-B-EI","Created repo for 1EI class, named Test16-2020-2022-B-EI","1607854956.047816"
"1607854953.281735","CastellaniDavideTest/Test16-2020-2022-B-DI","Created repo for 1DI class, named Test16-2020-2022-B-DI","1607854956.122576"
"1607854953.281735","CastellaniDavideTest/Test16-2020-2022-B-HL","Created repo for 1HL class, named Test16-2020-2022-B-HL","1607854956.15337"
"1607854953.281735","CastellaniDavideTest/Test16-2020-2022-B-LE","Created repo for 1LE class, named Test16-2020-2022-B-LE","1607854956.21796"
"1607854953.281735","CastellaniDavideTest/Test16-2020-2022-B-FL","Created repo for 1FL class, named Test16-2020-2022-B-FL","1607854956.231284"
"1607854953.281735","CastellaniDavideTest/Test16-2020-2022-B-BI","Created repo for 1BI class, named Test16-2020-2022-B-BI","1607854956.238603"
"1607854953.281735","CastellaniDavideTest/Test16-2020-2022-B-GL","Created repo for 1GL class, named Test16-2020-2022-B-GL","1607854956.246108"
"1607854953.281735","CastellaniDavideTest/Test16-2020-2022-B-AI","Created repo for 1AI class, named Test16-2020-2022-B-AI","1607854956.248652"
"1607854953.281735","CastellaniDavideTest/Test16-2020-2021-B-IL","Created repo for 2IL class, named Test16-2020-2021-B-IL","1607854956.351444"
"1607854953.281735","CastellaniDavideTest/Test16-2020-2022-B-CI","Created repo for 1CI class, named Test16-2020-2022-B-CI","1607854956.369101"
"1607854953.281735","CastellaniDavideTest/Test16-2020-2022-B-IL","Created repo for 1IL class, named Test16-2020-2022-B-IL","1607854956.417996"
"1607854953.281735","CastellaniDavideTest/Test16-2020-2021-B-EI","Created repo for 2EI class, named Test16-2020-2021-B-EI","1607854956.441161"
"1607854953.281735","CastellaniDavideTest/Test16-2020-2021-B-BI","Created repo for 2BI class, named Test16-2020-2021-B-BI","1607854956.50864"
"1607854953.281735","CastellaniDavideTest/Test16-2020-2022-B-OE","Created repo for 1OE class, named Test16-2020-2022-B-OE","1607854956.509544"
"1607854953.281735","CastellaniDavideTest/Test16-2020-2021-B-FL","Created repo for 2FL class, named Test16-2020-2021-B-FL","1607854956.534769"
"1607854953.281735","CastellaniDavideTest/Test16-2020-2021-B-CI","Created repo for 2CI class, named Test16-2020-2021-B-CI","1607854956.559502"
"1607854953.281735","CastellaniDavideTest/Test16-2020-2021-B-DI","Created repo for 2DI class, named Test16-2020-2021-B-DI","1607854956.566954"
"1607854953.281735","CastellaniDavideTest/Test16-2020-2021-B-PE","Created repo for 2PE class, named Test16-2020-2021-B-PE","1607854956.579385"
"1607854953.281735","CastellaniDavideTest/Test16-2020-2021-B-NE","Created repo for 2NE class, named Test16-2020-2021-B-NE","1607854956.602985"
"1607854953.281735","CastellaniDavideTest/Test16-2020-2021-B-OE","Created repo for 2OE class, named Test16-2020-2021-B-OE","1607854956.611521"
"1607854953.281735","CastellaniDavideTest/Test16-2020-2021-B-HL","Created repo for 2HL class, named Test16-2020-2021-B-HL","1607854956.640696"
"1607854953.281735","CastellaniDavideTest/Test16-2020-2021-B-AI","Created repo for 2AI class, named Test16-2020-2021-B-AI","1607854956.642339"
"1607854953.281735","CastellaniDavideTest/Test16-2020-2021-B-GL","Created repo for 2GL class, named Test16-2020-2021-B-GL","1607854956.682849"
"1607854953.281735","CastellaniDavideTest/Test16-2020-2021-B-LE","Created repo for 2LE class, named Test16-2020-2021-B-LE","1607854956.706406"
"1607854953.281735","CastellaniDavideTest/Test16-2020-2022-B-ME","Created repo for 1ME class, named Test16-2020-2022-B-ME","1607854956.724937"
"1607854953.281735","CastellaniDavideTest/Test16-2020-2023-T-BI","Created repo for 3BI class, named Test16-2020-2023-T-BI","1607854956.725939"
"1607854953.281735","CastellaniDavideTest/Test16-2020-2021-B-ME","Created repo for 2ME class, named Test16-2020-2021-B-ME","1607854956.749263"
"1607854953.281735","CastellaniDavideTest/Test16-2020-2023-T-DI","Created repo for 3DI class, named Test16-2020-2023-T-DI","1607854956.750943"
"1607854953.281735","CastellaniDavideTest/Test16-2020-2023-T-PE","Created repo for 3PE class, named Test16-2020-2023-T-PE","1607854956.864375"
"1607854953.281735","CastellaniDavideTest/Test16-2020-2023-T-IL","Created repo for 3IL class, named Test16-2020-2023-T-IL","1607854956.908196"
"1607854953.281735","CastellaniDavideTest/Test16-2020-2023-T-CI","Created repo for 3CI class, named Test16-2020-2023-T-CI","1607854956.936087"
"1607854953.281735","CastellaniDavideTest/Test16-2020-2022-B-NE","Created repo for 1NE class, named Test16-2020-2022-B-NE","1607854956.966157"
"1607854953.281735","CastellaniDavideTest/Test16-2020-2022-B-DI","	- Created welcome file","1607854956.966659"
"1607854953.281735","CastellaniDavideTest/Test16-2020-2022-B-HL","	- Created welcome file","1607854956.980519"
"1607854953.281735","CastellaniDavideTest/Test16-2020-2023-T-GL","Created repo for 3GL class, named Test16-2020-2023-T-GL","1607854956.992972"
"1607854953.281735","CastellaniDavideTest/Test16-2020-2022-T-CI","Created repo for 4CI class, named Test16-2020-2022-T-CI","1607854957.01971"
"1607854953.281735","CastellaniDavideTest/Test16-2020-2022-B-LE","	- Created welcome file","1607854957.030901"
"1607854953.281735","CastellaniDavideTest/Test16-2020-2023-T-FL","Created repo for 3FL class, named Test16-2020-2023-T-FL","1607854957.033642"
"1607854953.281735","CastellaniDavideTest/Test16-2020-2022-B-AI","	- Created welcome file","1607854957.053956"
"1607854953.281735","CastellaniDavideTest/Test16-2020-2022-B-PE","Created repo for 1PE class, named Test16-2020-2022-B-PE","1607854957.055618"
"1607854953.281735","CastellaniDavideTest/Test16-2020-2023-T-ME","Created repo for 3ME class, named Test16-2020-2023-T-ME","1607854957.067903"
"1607854953.281735","CastellaniDavideTest/Test16-2020-2022-B-GL","	- Created welcome file","1607854957.098016"
"1607854953.281735","CastellaniDavideTest/Test16-2020-2022-B-BI","	- Created welcome file","1607854957.105434"
"1607854953.281735","CastellaniDavideTest/Test16-2020-2022-B-FL","	- Created welcome file","1607854957.10665"
"1607854953.281735","CastellaniDavideTest/Test16-2020-2022-B-EI","	- Created welcome file","1607854957.118183"
"1607854953.281735","CastellaniDavideTest/Test16-2020-2022-T-FL","Created repo for 4FL class, named Test16-2020-2022-T-FL","1607854957.141589"
"1607854953.281735","CastellaniDavideTest/Test16-2020-2023-T-NE","Created repo for 3NE class, named Test16-2020-2023-T-NE","1607854957.17128"
"1607854953.281735","CastellaniDavideTest/Test16-2020-2022-T-AI","Created repo for 4AI class, named Test16-2020-2022-T-AI","1607854957.178987"
"1607854953.281735","CastellaniDavideTest/Test16-2020-2023-T-OE","Created repo for 3OE class, named Test16-2020-2023-T-OE","1607854957.179633"
"1607854953.281735","CastellaniDavideTest/Test16-2020-2022-T-EI","Created repo for 4EI class, named Test16-2020-2022-T-EI","1607854957.190668"
"1607854953.281735","CastellaniDavideTest/Test16-2020-2021-B-IL","	- Created welcome file","1607854957.210979"
"1607854953.281735","CastellaniDavideTest/Test16-2020-2022-T-BI","Created repo for 4BI class, named Test16-2020-2022-T-BI","1607854957.241648"
"1607854953.281735","CastellaniDavideTest/Test16-2020-2023-T-LE","Created repo for 3LE class, named Test16-2020-2023-T-LE","1607854957.249066"
"1607854953.281735","CastellaniDavideTest/Test16-2020-2021-B-EI","	- Created welcome file","1607854957.258587"
"1607854953.281735","CastellaniDavideTest/Test16-2020-2022-B-IL","	- Created welcome file","1607854957.259825"
"1607854953.281735","CastellaniDavideTest/Test16-2020-2023-T-HL","Created repo for 3HL class, named Test16-2020-2023-T-HL","1607854957.285505"
"1607854953.281735","CastellaniDavideTest/Test16-2020-2022-T-DI","Created repo for 4DI class, named Test16-2020-2022-T-DI","1607854957.298742"
"1607854953.281735","CastellaniDavideTest/Test16-2020-2022-T-GL","Created repo for 4GL class, named Test16-2020-2022-T-GL","1607854957.304615"
"1607854953.281735","CastellaniDavideTest/Test16-2020-2022-T-IL","Created repo for 4IL class, named Test16-2020-2022-T-IL","1607854957.323787"
"1607854953.281735","CastellaniDavideTest/Test16-2020-2023-T-EI","Created repo for 3EI class, named Test16-2020-2023-T-EI","1607854957.328497"
"1607854953.281735","CastellaniDavideTest/Test16-2020-2021-B-BI","	- Created welcome file","1607854957.33483"
"1607854953.281735","CastellaniDavideTest/Test16-2020-2022-B-CI","	- Created welcome file","1607854957.338484"
"1607854953.281735","CastellaniDavideTest/Test16-2020-2022-B-OE","	- Created welcome file","1607854957.394757"
"1607854953.281735","CastellaniDavideTest/Test16-2020-2022-T-LE","Created repo for 4LE class, named Test16-2020-2022-T-LE","1607854957.412698"
"1607854953.281735","CastellaniDavideTest/Test16-2020-2023-T-AI","Created repo for 3AI class, named Test16-2020-2023-T-AI","1607854957.420732"
"1607854953.281735","CastellaniDavideTest/Test16-2020-2021-B-PE","	- Created welcome file","1607854957.424248"
"1607854953.281735","CastellaniDavideTest/Test16-2020-2021-B-DI","	- Created welcome file","1607854957.449819"
"1607854953.281735","CastellaniDavideTest/Test16-2020-2021-B-FL","	- Created welcome file","1607854957.45482"
"1607854953.281735","CastellaniDavideTest/Test16-2020-2022-T-NE","Created repo for 4NE class, named Test16-2020-2022-T-NE","1607854957.47472"
"1607854953.281735","CastellaniDavideTest/Test16-2020-2021-B-NE","	- Created welcome file","1607854957.494118"
"1607854953.281735","CastellaniDavideTest/Test16-2020-2021-B-AI","	- Created welcome file","1607854957.520468"
"1607854953.281735","CastellaniDavideTest/Test16-2020-2021-B-HL","	- Created welcome file","1607854957.526152"
"1607854953.281735","CastellaniDavideTest/Test16-2020-2021-B-GL","	- Created welcome file","1607854957.544948"
"1607854953.281735","CastellaniDavideTest/Test16-2020-2021-B-LE","	- Created welcome file","1607854957.559106"
"1607854953.281735","CastellaniDavideTest/Test16-2020-2022-B-ME","	- Created welcome file","1607854957.597671"
"1607854953.281735","CastellaniDavideTest/Test16-2020-2022-T-ME","Created repo for 4ME class, named Test16-2020-2022-T-ME","1607854957.610648"
"1607854953.281735","CastellaniDavideTest/Test16-2020-2021-B-ME","	- Created welcome file","1607854957.611148"
"1607854953.281735","CastellaniDavideTest/Test16-2020-2023-T-DI","	- Created welcome file","1607854957.64591"
"1607854953.281735","CastellaniDavideTest/Test16-2020-2023-T-BI","	- Created welcome file","1607854957.650344"
"1607854953.281735","CastellaniDavideTest/Test16-2020-2022-T-HL","Created repo for 4HL class, named Test16-2020-2022-T-HL","1607854957.655793"
"1607854953.281735","CastellaniDavideTest/Test16-2020-2022-T-OE","Created repo for 4OE class, named Test16-2020-2022-T-OE","1607854957.658567"
"1607854953.281735","CastellaniDavideTest/Test16-2020-2022-T-PE","Created repo for 4PE class, named Test16-2020-2022-T-PE","1607854957.661742"
"1607854953.281735","CastellaniDavideTest/Test16-2020-2021-B-CI","	- Created welcome file","1607854957.662874"
"1607854953.281735","CastellaniDavideTest/Test16-2020-2021-T-AI","Created repo for 5AI class, named Test16-2020-2021-T-AI","1607854957.684346"
"1607854953.281735","CastellaniDavideTest/Test16-2020-2023-T-PE","	- Created welcome file","1607854957.712423"
"1607854953.281735","CastellaniDavideTest/Test16-2020-2023-T-IL","	- Created welcome file","1607854957.815905"
"1607854953.281735","CastellaniDavideTest/Test16-2020-2023-T-CI","	- Created welcome file","1607854957.817469"
"1607854953.281735","CastellaniDavideTest/Test16-2020-2021-T-GL","Created repo for 5GL class, named Test16-2020-2021-T-GL","1607854957.820016"
"1607854953.281735","CastellaniDavideTest/Test16-2020-2022-B-NE","	- Created welcome file","1607854957.837895"
"1607854953.281735","CastellaniDavideTest/Test16-2020-2021-T-DI","Created repo for 5DI class, named Test16-2020-2021-T-DI","1607854957.850232"
"1607854953.281735","CastellaniDavideTest/Test16-2020-2021-T-BI","Created repo for 5BI class, named Test16-2020-2021-T-BI","1607854957.852152"
"1607854953.281735","CastellaniDavideTest/Test16-2020-2021-T-FL","Created repo for 5FL class, named Test16-2020-2021-T-FL","1607854957.894065"
"1607854953.281735","CastellaniDavideTest/Test16-2020-2023-T-GL","	- Created welcome file","1607854957.894547"
"1607854953.281735","CastellaniDavideTest/Test16-2020-2021-T-EI","Created repo for 5EI class, named Test16-2020-2021-T-EI","1607854957.904515"
"1607854953.281735","CastellaniDavideTest/Test16-2020-2022-B-PE","	- Created welcome file","1607854957.913435"
"1607854953.281735","CastellaniDavideTest/Test16-2020-2022-T-CI","	- Created welcome file","1607854957.931204"
"1607854953.281735","CastellaniDavideTest/Test16-2020-2023-T-FL","	- Created welcome file","1607854957.94209"
"1607854953.281735","CastellaniDavideTest/Test16-2020-2021-T-HL","Created repo for 5HL class, named Test16-2020-2021-T-HL","1607854957.962093"
"1607854953.281735","CastellaniDavideTest/Test16-2020-2023-T-ME","	- Created welcome file","1607854957.962618"
"1607854953.281735","CastellaniDavideTest/Test16-2020-2022-T-EI","	- Created welcome file","1607854958.003589"
"1607854953.281735","CastellaniDavideTest/Test16-2020-2023-T-NE","	- Created welcome file","1607854958.004037"
"1607854953.281735","CastellaniDavideTest/Test16-2020-2021-T-LE","Created repo for 5LE class, named Test16-2020-2021-T-LE","1607854958.005588"
"1607854953.281735","CastellaniDavideTest/Test16-2020-2021-T-NE","Created repo for 5NE class, named Test16-2020-2021-T-NE","1607854958.027296"
"1607854953.281735","CastellaniDavideTest/Test16-2020-2022-T-AI","	- Created welcome file","1607854958.054925"
"1607854953.281735","CastellaniDavideTest/Test16-2020-2021-T-CI","Created repo for 5CI class, named Test16-2020-2021-T-CI","1607854958.062263"
"1607854953.281735","CastellaniDavideTest/Test16-2020-2022-T-FL","	- Created welcome file","1607854958.08378"
"1607854953.281735","CastellaniDavideTest/Test16-2020-2023-T-OE","	- Created welcome file","1607854958.085123"
"1607854953.281735","CastellaniDavideTest/Test16-2020-2023-T-HL","	- Created welcome file","1607854958.112374"
"1607854953.281735","CastellaniDavideTest/Test16-2020-2021-T-ME","Created repo for 5ME class, named Test16-2020-2021-T-ME","1607854958.113284"
"1607854953.281735","CastellaniDavideTest/Test16-2020-2022-T-IL","	- Created welcome file","1607854958.152145"
"1607854953.281735","CastellaniDavideTest/Test16-2020-2021-T-IL","Created repo for 5IL class, named Test16-2020-2021-T-IL","1607854958.172365"
"1607854953.281735","CastellaniDavideTest/Test16-2020-2022-T-DI","	- Created welcome file","1607854958.179506"
"1607854953.281735","CastellaniDavideTest/Test16-2020-2022-T-BI","	- Created welcome file","1607854958.18025"
"1607854953.281735","CastellaniDavideTest/Test16-2020-2022-T-GL","	- Created welcome file","1607854958.184913"
"1607854953.281735","CastellaniDavideTest/Test16-2020-2023-T-LE","	- Created welcome file","1607854958.226797"
"1607854953.281735","CastellaniDavideTest/Test16-2020-2021-T-OE","Created repo for 5OE class, named Test16-2020-2021-T-OE","1607854958.228105"
"1607854953.281735","CastellaniDavideTest/Test16-2020-2023-T-EI","	- Created welcome file","1607854958.229762"
"1607854953.281735","CastellaniDavideTest/Test16-2020-2021-B-OE","	- Created welcome file","1607854958.252659"
"1607854953.281735","CastellaniDavideTest/Test16-2020-2023-T-AI","	- Created welcome file","1607854958.256928"
"1607854953.281735","CastellaniDavideTest/Test16-2020-2022-T-LE","	- Created welcome file","1607854958.319012"
"1607854953.281735","CastellaniDavideTest/Test16-2020-2021-T-PE","Created repo for 5PE class, named Test16-2020-2021-T-PE","1607854958.409725"
"1607854953.281735","CastellaniDavideTest/Test16-2020-2022-T-NE","	- Created welcome file","1607854958.451011"
"1607854953.281735","CastellaniDavideTest/Test16-2020-2022-T-ME","	- Created welcome file","1607854958.463604"
"1607854953.281735","CastellaniDavideTest/Test16-2020-2022-T-PE","	- Created welcome file","1607854958.530722"
"1607854953.281735","CastellaniDavideTest/Test16-2020-2021-T-AI","	- Created welcome file","1607854958.551777"
"1607854953.281735","CastellaniDavideTest/Test16-2020-2022-T-HL","	- Created welcome file","1607854958.580487"
"1607854953.281735","CastellaniDavideTest/Test16-2020-2022-T-OE","	- Created welcome file","1607854958.5866"
"1607854953.281735","CastellaniDavideTest/Test16-2020-2021-T-DI","	- Created welcome file","1607854958.70251"
"1607854953.281735","CastellaniDavideTest/Test16-2020-2021-T-GL","	- Created welcome file","1607854958.721222"
"1607854953.281735","CastellaniDavideTest/Test16-2020-2021-T-BI","	- Created welcome file","1607854958.746567"
"1607854953.281735","CastellaniDavideTest/Test16-2020-2021-T-EI","	- Created welcome file","1607854958.782492"
"1607854953.281735","CastellaniDavideTest/Test16-2020-2021-T-FL","	- Created welcome file","1607854958.81451"
"1607854953.281735","CastellaniDavideTest/Test16-2020-2021-T-HL","	- Created welcome file","1607854958.87016"
"1607854953.281735","CastellaniDavideTest/Test16-2020-2021-T-LE","	- Created welcome file","1607854958.899877"
"1607854953.281735","CastellaniDavideTest/Test16-2020-2021-T-NE","	- Created welcome file","1607854958.924742"
"1607854953.281735","CastellaniDavideTest/Test16-2020-2021-T-CI","	- Created welcome file","1607854958.960763"
"1607854953.281735","CastellaniDavideTest/Test16-2020-2021-T-IL","	- Created welcome file","1607854959.019126"
"1607854953.281735","CastellaniDavideTest/Test16-2020-2021-T-ME","	- Created welcome file","1607854959.025236"
"1607854953.281735","CastellaniDavideTest/Test16-2020-2021-T-OE","	- Created welcome file","1607854959.102236"
"1607854953.281735","CastellaniDavideTest/Test16-2020-2021-T-PE","	- Created welcome file","1607854959.28567"
"1607854953.281735","No repo","Ended: 2020-12-13 10:22:39.891534","1607854959.891575"
"1607854953.281735","No repo","Total time: 0:00:06.609853
","1607854959.891601"
