Execution_code,Repo,Message,time
"1607855066.990126","No repo","Start: 2020-12-13 10:24:26.990126","1607855066.990486"
"1607855066.990126","No repo","Input file readed","1607855066.992627"
"1607855066.990126","No repo","Login done","1607855067.217524"
"1607855066.990126","No repo","	- Invited new user: help@castellanidavide.it","1607855067.881033"
"1607855066.990126","CastellaniDavideTest/Test17-2020-2022-B-AI","Created repo for 1AI class, named Test17-2020-2022-B-AI","1607855069.56343"
"1607855066.990126","CastellaniDavideTest/Test17-2020-2022-B-GL","Created repo for 1GL class, named Test17-2020-2022-B-GL","1607855069.581628"
"1607855066.990126","CastellaniDavideTest/Test17-2020-2022-B-CI","Created repo for 1CI class, named Test17-2020-2022-B-CI","1607855069.619962"
"1607855066.990126","CastellaniDavideTest/Test17-2020-2022-B-HL","Created repo for 1HL class, named Test17-2020-2022-B-HL","1607855069.677239"
"1607855066.990126","CastellaniDavideTest/Test17-2020-2022-B-FL","Created repo for 1FL class, named Test17-2020-2022-B-FL","1607855069.695573"
"1607855066.990126","CastellaniDavideTest/Test17-2020-2022-B-OE","Created repo for 1OE class, named Test17-2020-2022-B-OE","1607855069.703926"
"1607855066.990126","CastellaniDavideTest/Test17-2020-2022-B-IL","Created repo for 1IL class, named Test17-2020-2022-B-IL","1607855069.722604"
"1607855066.990126","CastellaniDavideTest/Test17-2020-2022-B-NE","Created repo for 1NE class, named Test17-2020-2022-B-NE","1607855069.724091"
"1607855066.990126","CastellaniDavideTest/Test17-2020-2022-B-LE","Created repo for 1LE class, named Test17-2020-2022-B-LE","1607855069.735853"
"1607855066.990126","CastellaniDavideTest/Test17-2020-2022-B-BI","Created repo for 1BI class, named Test17-2020-2022-B-BI","1607855069.748871"
"1607855066.990126","CastellaniDavideTest/Test17-2020-2022-B-EI","Created repo for 1EI class, named Test17-2020-2022-B-EI","1607855069.750791"
"1607855066.990126","CastellaniDavideTest/Test17-2020-2022-B-PE","Created repo for 1PE class, named Test17-2020-2022-B-PE","1607855069.851674"
"1607855066.990126","CastellaniDavideTest/Test17-2020-2021-B-BI","Created repo for 2BI class, named Test17-2020-2021-B-BI","1607855069.902645"
"1607855066.990126","CastellaniDavideTest/Test17-2020-2021-B-AI","Created repo for 2AI class, named Test17-2020-2021-B-AI","1607855069.92582"
"1607855066.990126","CastellaniDavideTest/Test17-2020-2021-B-EI","Created repo for 2EI class, named Test17-2020-2021-B-EI","1607855069.977547"
"1607855066.990126","CastellaniDavideTest/Test17-2020-2022-B-DI","Created repo for 1DI class, named Test17-2020-2022-B-DI","1607855070.000454"
"1607855066.990126","CastellaniDavideTest/Test17-2020-2022-B-ME","Created repo for 1ME class, named Test17-2020-2022-B-ME","1607855070.012928"
"1607855066.990126","CastellaniDavideTest/Test17-2020-2021-B-PE","Created repo for 2PE class, named Test17-2020-2021-B-PE","1607855070.068214"
"1607855066.990126","CastellaniDavideTest/Test17-2020-2021-B-GL","Created repo for 2GL class, named Test17-2020-2021-B-GL","1607855070.085963"
"1607855066.990126","CastellaniDavideTest/Test17-2020-2021-B-HL","Created repo for 2HL class, named Test17-2020-2021-B-HL","1607855070.160626"
"1607855066.990126","CastellaniDavideTest/Test17-2020-2021-B-NE","Created repo for 2NE class, named Test17-2020-2021-B-NE","1607855070.219585"
"1607855066.990126","CastellaniDavideTest/Test17-2020-2021-B-ME","Created repo for 2ME class, named Test17-2020-2021-B-ME","1607855070.232166"
"1607855066.990126","CastellaniDavideTest/Test17-2020-2021-B-DI","Created repo for 2DI class, named Test17-2020-2021-B-DI","1607855070.244232"
"1607855066.990126","CastellaniDavideTest/Test17-2020-2021-B-LE","Created repo for 2LE class, named Test17-2020-2021-B-LE","1607855070.28011"
"1607855066.990126","CastellaniDavideTest/Test17-2020-2021-B-IL","Created repo for 2IL class, named Test17-2020-2021-B-IL","1607855070.285868"
"1607855066.990126","CastellaniDavideTest/Test17-2020-2023-T-DI","Created repo for 3DI class, named Test17-2020-2023-T-DI","1607855070.40306"
"1607855066.990126","CastellaniDavideTest/Test17-2020-2022-B-GL","	- Created welcome file","1607855070.40357"
"1607855066.990126","CastellaniDavideTest/Test17-2020-2022-B-AI","	- Created welcome file","1607855070.411587"
"1607855066.990126","CastellaniDavideTest/Test17-2020-2023-T-CI","Created repo for 3CI class, named Test17-2020-2023-T-CI","1607855070.420357"
"1607855066.990126","CastellaniDavideTest/Test17-2020-2023-T-AI","Created repo for 3AI class, named Test17-2020-2023-T-AI","1607855070.420958"
"1607855066.990126","CastellaniDavideTest/Test17-2020-2023-T-BI","Created repo for 3BI class, named Test17-2020-2023-T-BI","1607855070.450095"
"1607855066.990126","CastellaniDavideTest/Test17-2020-2022-B-CI","	- Created welcome file","1607855070.468048"
"1607855066.990126","CastellaniDavideTest/Test17-2020-2021-B-CI","Created repo for 2CI class, named Test17-2020-2021-B-CI","1607855070.474818"
"1607855066.990126","CastellaniDavideTest/Test17-2020-2022-B-HL","	- Created welcome file","1607855070.541752"
"1607855066.990126","CastellaniDavideTest/Test17-2020-2022-B-FL","	- Created welcome file","1607855070.548743"
"1607855066.990126","CastellaniDavideTest/Test17-2020-2022-B-OE","	- Created welcome file","1607855070.557545"
"1607855066.990126","CastellaniDavideTest/Test17-2020-2023-T-OE","Created repo for 3OE class, named Test17-2020-2023-T-OE","1607855070.570635"
"1607855066.990126","CastellaniDavideTest/Test17-2020-2022-B-NE","	- Created welcome file","1607855070.591524"
"1607855066.990126","CastellaniDavideTest/Test17-2020-2021-B-OE","Created repo for 2OE class, named Test17-2020-2021-B-OE","1607855070.598337"
"1607855066.990126","CastellaniDavideTest/Test17-2020-2023-T-PE","Created repo for 3PE class, named Test17-2020-2023-T-PE","1607855070.614147"
"1607855066.990126","CastellaniDavideTest/Test17-2020-2022-B-BI","	- Created welcome file","1607855070.626489"
"1607855066.990126","CastellaniDavideTest/Test17-2020-2023-T-FL","Created repo for 3FL class, named Test17-2020-2023-T-FL","1607855070.629473"
"1607855066.990126","CastellaniDavideTest/Test17-2020-2023-T-EI","Created repo for 3EI class, named Test17-2020-2023-T-EI","1607855070.638121"
"1607855066.990126","CastellaniDavideTest/Test17-2020-2022-B-EI","	- Created welcome file","1607855070.639356"
"1607855066.990126","CastellaniDavideTest/Test17-2020-2023-T-GL","Created repo for 3GL class, named Test17-2020-2023-T-GL","1607855070.64688"
"1607855066.990126","CastellaniDavideTest/Test17-2020-2023-T-HL","Created repo for 3HL class, named Test17-2020-2023-T-HL","1607855070.659836"
"1607855066.990126","CastellaniDavideTest/Test17-2020-2023-T-ME","Created repo for 3ME class, named Test17-2020-2023-T-ME","1607855070.674297"
"1607855066.990126","CastellaniDavideTest/Test17-2020-2022-B-LE","	- Created welcome file","1607855070.691346"
"1607855066.990126","CastellaniDavideTest/Test17-2020-2021-B-FL","Created repo for 2FL class, named Test17-2020-2021-B-FL","1607855070.705204"
"1607855066.990126","CastellaniDavideTest/Test17-2020-2022-B-PE","	- Created welcome file","1607855070.714815"
"1607855066.990126","CastellaniDavideTest/Test17-2020-2023-T-NE","Created repo for 3NE class, named Test17-2020-2023-T-NE","1607855070.760823"
"1607855066.990126","CastellaniDavideTest/Test17-2020-2023-T-LE","Created repo for 3LE class, named Test17-2020-2023-T-LE","1607855070.783626"
"1607855066.990126","CastellaniDavideTest/Test17-2020-2021-B-AI","	- Created welcome file","1607855070.800227"
"1607855066.990126","CastellaniDavideTest/Test17-2020-2022-T-GL","Created repo for 4GL class, named Test17-2020-2022-T-GL","1607855070.801622"
"1607855066.990126","CastellaniDavideTest/Test17-2020-2022-T-CI","Created repo for 4CI class, named Test17-2020-2022-T-CI","1607855070.803315"
"1607855066.990126","CastellaniDavideTest/Test17-2020-2022-B-IL","	- Created welcome file","1607855070.820075"
"1607855066.990126","CastellaniDavideTest/Test17-2020-2021-B-EI","	- Created welcome file","1607855070.83666"
"1607855066.990126","CastellaniDavideTest/Test17-2020-2021-B-BI","	- Created welcome file","1607855070.857937"
"1607855066.990126","CastellaniDavideTest/Test17-2020-2022-B-ME","	- Created welcome file","1607855070.877255"
"1607855066.990126","CastellaniDavideTest/Test17-2020-2023-T-IL","Created repo for 3IL class, named Test17-2020-2023-T-IL","1607855070.879808"
"1607855066.990126","CastellaniDavideTest/Test17-2020-2022-T-BI","Created repo for 4BI class, named Test17-2020-2022-T-BI","1607855070.904875"
"1607855066.990126","CastellaniDavideTest/Test17-2020-2022-B-DI","	- Created welcome file","1607855070.93908"
"1607855066.990126","CastellaniDavideTest/Test17-2020-2021-B-PE","	- Created welcome file","1607855070.952761"
"1607855066.990126","CastellaniDavideTest/Test17-2020-2021-B-GL","	- Created welcome file","1607855070.965758"
"1607855066.990126","CastellaniDavideTest/Test17-2020-2022-T-FL","Created repo for 4FL class, named Test17-2020-2022-T-FL","1607855070.994946"
"1607855066.990126","CastellaniDavideTest/Test17-2020-2021-B-HL","	- Created welcome file","1607855071.007563"
"1607855066.990126","CastellaniDavideTest/Test17-2020-2022-T-AI","Created repo for 4AI class, named Test17-2020-2022-T-AI","1607855071.009268"
"1607855066.990126","CastellaniDavideTest/Test17-2020-2022-T-IL","Created repo for 4IL class, named Test17-2020-2022-T-IL","1607855071.076739"
"1607855066.990126","CastellaniDavideTest/Test17-2020-2022-T-OE","Created repo for 4OE class, named Test17-2020-2022-T-OE","1607855071.086069"
"1607855066.990126","CastellaniDavideTest/Test17-2020-2022-T-LE","Created repo for 4LE class, named Test17-2020-2022-T-LE","1607855071.09898"
"1607855066.990126","CastellaniDavideTest/Test17-2020-2021-B-NE","	- Created welcome file","1607855071.101331"
"1607855066.990126","CastellaniDavideTest/Test17-2020-2021-B-LE","	- Created welcome file","1607855071.106863"
"1607855066.990126","CastellaniDavideTest/Test17-2020-2021-B-DI","	- Created welcome file","1607855071.108855"
"1607855066.990126","CastellaniDavideTest/Test17-2020-2022-T-DI","Created repo for 4DI class, named Test17-2020-2022-T-DI","1607855071.115501"
"1607855066.990126","CastellaniDavideTest/Test17-2020-2021-T-AI","Created repo for 5AI class, named Test17-2020-2021-T-AI","1607855071.120474"
"1607855066.990126","CastellaniDavideTest/Test17-2020-2022-T-ME","Created repo for 4ME class, named Test17-2020-2022-T-ME","1607855071.14567"
"1607855066.990126","CastellaniDavideTest/Test17-2020-2021-B-ME","	- Created welcome file","1607855071.156811"
"1607855066.990126","CastellaniDavideTest/Test17-2020-2022-T-HL","Created repo for 4HL class, named Test17-2020-2022-T-HL","1607855071.173518"
"1607855066.990126","CastellaniDavideTest/Test17-2020-2022-T-NE","Created repo for 4NE class, named Test17-2020-2022-T-NE","1607855071.179088"
"1607855066.990126","CastellaniDavideTest/Test17-2020-2021-B-IL","	- Created welcome file","1607855071.190922"
"1607855066.990126","CastellaniDavideTest/Test17-2020-2022-T-EI","Created repo for 4EI class, named Test17-2020-2022-T-EI","1607855071.213262"
"1607855066.990126","CastellaniDavideTest/Test17-2020-2023-T-DI","	- Created welcome file","1607855071.237338"
"1607855066.990126","CastellaniDavideTest/Test17-2020-2023-T-AI","	- Created welcome file","1607855071.255497"
"1607855066.990126","CastellaniDavideTest/Test17-2020-2023-T-CI","	- Created welcome file","1607855071.294164"
"1607855066.990126","CastellaniDavideTest/Test17-2020-2023-T-BI","	- Created welcome file","1607855071.301718"
"1607855066.990126","CastellaniDavideTest/Test17-2020-2022-T-PE","Created repo for 4PE class, named Test17-2020-2022-T-PE","1607855071.309416"
"1607855066.990126","CastellaniDavideTest/Test17-2020-2021-T-EI","Created repo for 5EI class, named Test17-2020-2021-T-EI","1607855071.313207"
"1607855066.990126","CastellaniDavideTest/Test17-2020-2021-B-CI","	- Created welcome file","1607855071.324338"
"1607855066.990126","CastellaniDavideTest/Test17-2020-2021-T-OE","Created repo for 5OE class, named Test17-2020-2021-T-OE","1607855071.383724"
"1607855066.990126","CastellaniDavideTest/Test17-2020-2023-T-OE","	- Created welcome file","1607855071.422027"
"1607855066.990126","CastellaniDavideTest/Test17-2020-2021-T-BI","Created repo for 5BI class, named Test17-2020-2021-T-BI","1607855071.437487"
"1607855066.990126","CastellaniDavideTest/Test17-2020-2021-T-CI","Created repo for 5CI class, named Test17-2020-2021-T-CI","1607855071.440963"
"1607855066.990126","CastellaniDavideTest/Test17-2020-2021-T-LE","Created repo for 5LE class, named Test17-2020-2021-T-LE","1607855071.453783"
"1607855066.990126","CastellaniDavideTest/Test17-2020-2021-B-OE","	- Created welcome file","1607855071.468049"
"1607855066.990126","CastellaniDavideTest/Test17-2020-2021-T-FL","Created repo for 5FL class, named Test17-2020-2021-T-FL","1607855071.474244"
"1607855066.990126","CastellaniDavideTest/Test17-2020-2023-T-EI","	- Created welcome file","1607855071.479114"
"1607855066.990126","CastellaniDavideTest/Test17-2020-2023-T-GL","	- Created welcome file","1607855071.484024"
"1607855066.990126","CastellaniDavideTest/Test17-2020-2023-T-HL","	- Created welcome file","1607855071.508025"
"1607855066.990126","CastellaniDavideTest/Test17-2020-2021-T-IL","Created repo for 5IL class, named Test17-2020-2021-T-IL","1607855071.519923"
"1607855066.990126","CastellaniDavideTest/Test17-2020-2021-T-HL","Created repo for 5HL class, named Test17-2020-2021-T-HL","1607855071.526427"
"1607855066.990126","CastellaniDavideTest/Test17-2020-2021-T-DI","Created repo for 5DI class, named Test17-2020-2021-T-DI","1607855071.534442"
"1607855066.990126","CastellaniDavideTest/Test17-2020-2023-T-ME","	- Created welcome file","1607855071.541544"
"1607855066.990126","CastellaniDavideTest/Test17-2020-2021-T-ME","Created repo for 5ME class, named Test17-2020-2021-T-ME","1607855071.548751"
"1607855066.990126","CastellaniDavideTest/Test17-2020-2021-T-NE","Created repo for 5NE class, named Test17-2020-2021-T-NE","1607855071.578903"
"1607855066.990126","CastellaniDavideTest/Test17-2020-2021-B-FL","	- Created welcome file","1607855071.595587"
"1607855066.990126","CastellaniDavideTest/Test17-2020-2023-T-LE","	- Created welcome file","1607855071.602601"
"1607855066.990126","CastellaniDavideTest/Test17-2020-2023-T-NE","	- Created welcome file","1607855071.620741"
"1607855066.990126","CastellaniDavideTest/Test17-2020-2022-T-GL","	- Created welcome file","1607855071.630012"
"1607855066.990126","CastellaniDavideTest/Test17-2020-2023-T-FL","	- Created welcome file","1607855071.648215"
"1607855066.990126","CastellaniDavideTest/Test17-2020-2022-T-CI","	- Created welcome file","1607855071.690573"
"1607855066.990126","CastellaniDavideTest/Test17-2020-2022-T-BI","	- Created welcome file","1607855071.740669"
"1607855066.990126","CastellaniDavideTest/Test17-2020-2021-T-PE","Created repo for 5PE class, named Test17-2020-2021-T-PE","1607855071.788155"
"1607855066.990126","CastellaniDavideTest/Test17-2020-2022-T-AI","	- Created welcome file","1607855071.827465"
"1607855066.990126","CastellaniDavideTest/Test17-2020-2023-T-IL","	- Created welcome file","1607855071.833935"
"1607855066.990126","CastellaniDavideTest/Test17-2020-2022-T-FL","	- Created welcome file","1607855071.871943"
"1607855066.990126","CastellaniDavideTest/Test17-2020-2023-T-PE","	- Created welcome file","1607855071.903412"
"1607855066.990126","CastellaniDavideTest/Test17-2020-2022-T-DI","	- Created welcome file","1607855071.941119"
"1607855066.990126","CastellaniDavideTest/Test17-2020-2022-T-IL","	- Created welcome file","1607855071.94261"
"1607855066.990126","CastellaniDavideTest/Test17-2020-2022-T-LE","	- Created welcome file","1607855071.950663"
"1607855066.990126","CastellaniDavideTest/Test17-2020-2021-T-AI","	- Created welcome file","1607855072.012024"
"1607855066.990126","CastellaniDavideTest/Test17-2020-2022-T-ME","	- Created welcome file","1607855072.018669"
"1607855066.990126","CastellaniDavideTest/Test17-2020-2022-T-OE","	- Created welcome file","1607855072.045356"
"1607855066.990126","CastellaniDavideTest/Test17-2020-2022-T-NE","	- Created welcome file","1607855072.048149"
"1607855066.990126","CastellaniDavideTest/Test17-2020-2021-T-GL","Created repo for 5GL class, named Test17-2020-2021-T-GL","1607855072.055112"
"1607855066.990126","CastellaniDavideTest/Test17-2020-2022-T-HL","	- Created welcome file","1607855072.058111"
"1607855066.990126","CastellaniDavideTest/Test17-2020-2022-T-EI","	- Created welcome file","1607855072.073261"
